HOMEPATH=/Users/George
FPS_BROWSER_APP_PROFILE_STRING=Internet Explorer
LOGONSERVER=//DESKTOP-LVI1P0O
STEAMENV=1
PUBLIC=C:/Users/Public
VBOX_MSI_INSTALL_PATH=C:/Program Files/Oracle/VirtualBox/
WINDOWS_MINOR=0
DXVK_STATE_CACHE_PATH=C:/Program Files (x86)/Steam/steamapps/shadercache/1281930/DXVK_state_cache
SESSIONNAME=Console
OLDPWD=C:/Program Files (x86)/Steam/steamapps/common/tModLoader/LaunchUtils
USER_MYDOCS=C:/Users/George/Documents
PROGRAMFILES_X86_=C:/Program Files (x86)
DRIVERDATA=C:/Windows/System32/Drivers/DriverData
WINDOWS_MAJOR=10
BB_GLOBBING=0
MESA_GLSL_CACHE_MAX_SIZE=5G
WINDIR=C:\Windows
FNA_GRAPHICS_ENABLE_HIGHDPI=0
PROCESSOR_LEVEL=6
OS=Windows_NT
USERPROFILE=C:/Users/George
LOCAL_APPDATA=C:/Users/George/AppData/Local
SHLVL=1
MESA_GLSL_CACHE_DIR=C:/Program Files (x86)/Steam/steamapps/shadercache/1281930
MESA_DISK_CACHE_READ_ONLY_FOZ_DBS=steam_cache,steam_precompiled
PROCESSOR_REVISION=3a09
LOGNAME=George
FOSSILIZE_APPLICATION_INFO_FILTER_PATH=C:/Program Files (x86)/fossilize_engine_filters.json
NUMBER_OF_PROCESSORS=4
ROOTDRIVE=C
SHELL=/bin/sh
PROGRAMW6432=C:/Program Files
PATH=C:/Program Files (x86)/Steam/steamapps/common/tModLoader/Libraries/Native/Windows;C:/Program Files (x86)/Steam;C:/Program Files/Eclipse Adoptium/jdk-21.0.3.9-hotspot/bin;C:/Windows/system32;C:/Windows;C:/Windows/System32/Wbem;C:/Windows/System32/WindowsPowerShell/v1.0/;C:/Windows/System32/OpenSSH/;C:/Program Files/dotnet/;C:/Users/George/AppData/Local/Programs/Python/Launcher/;C:/Users/George/AppData/Local/Microsoft/WindowsApps;C:/Users/George/AppData/Local/Programs/Microsoft VS Code/bin
ONEDRIVE=C:/Users/George/OneDrive
STEAMID=76561199164457342
STEAMVIRTUALGAMEPADINFO=C:/Program Files (x86)/Steam/config/virtualgamepadinfo.txt
COMSPEC=C:\Windows\system32\cmd.exe
PROCESSOR_ARCHITECTURE=AMD64
STEAM_FOSSILIZE_DUMP_PATH=C:/Program Files (x86)/Steam/steamapps/shadercache/1281930/fozpipelinesv6/steamapprun_pipeline_cache
USERNAME=George
STEAM_COMPAT_TRANSCODED_MEDIA_PATH=C:/Program Files (x86)/Steam/steamapps/shadercache/1281930
PROGRAMDATA=C:/ProgramData
USERDOMAIN_ROAMINGPROFILE=DESKTOP-LVI1P0O
STEAMUSER=0gerodeku0
COMPUTERNAME=DESKTOP-LVI1P0O
dotnet_version=8.0.0
dotnet_dir=C:/Program Files (x86)/Steam/steamapps/common/tModLoader/dotnet
SYSTEMDRIVE=C:
COMMONPROGRAMFILES(X86)=C:/Program Files (x86)/Common Files
STEAMAPPID=1281930
AMD_VK_USE_PIPELINE_CACHE=1
STEAM_FOSSILIZE_DUMP_PATH_READ_ONLY=$bucketdir/steam_pipeline_cache.foz;$bucketdir/steamapp_pipeline_cache.foz
MESA_SHADER_CACHE_DIR=C:/Program Files (x86)/Steam/steamapps/shadercache/1281930
FPS_BROWSER_USER_PROFILE_STRING=Default
USER=George
STEAMGAMEID=1281930
STEAMPATH=C:/Program Files (x86)/Steam
COMMONPROGRAMFILES_X86_=C:/Program Files (x86)/Common Files
PWD=C:/Program Files (x86)/Steam/steamapps/common/tModLoader
APPDATA=C:/Users/George/AppData/Roaming
HOMEDRIVE=C:
__GL_SHADER_DISK_CACHE_PATH=C:/Program Files (x86)/Steam/steamapps/shadercache/1281930/nvidiav1
SDL_JOYSTICK_HIDAPI_STEAMXBOX=0
PSMODULEPATH=C:/Program Files/WindowsPowerShell/Modules;C:/Windows/system32/WindowsPowerShell/v1.0/Modules
STEAMOVERLAYGAMEID=1281930
PROCESSOR_IDENTIFIER=Intel64 Family 6 Model 58 Stepping 9, GenuineIntel
COMMONPROGRAMW6432=C:/Program Files/Common Files
BREAKPAD_DUMP_LOCATION=C:/Program Files (x86)/Steam/dumps
STEAMVIDEOTOKEN=8088
32f5h290g53047gv5034nbvt923b

AMD_VK_PIPELINE_CACHE_FILENAME=steamapp_shader_cache
SDL_GAMECONTROLLER_ALLOW_STEAM_VIRTUAL_GAMEPAD=1
TEMP=C:/Users/George/AppData/Local/Temp
TMP=C:/Users/George/AppData/Local/Temp
AMD_VK_PIPELINE_CACHE_PATH=C:/Program Files (x86)/Steam/steamapps/shadercache/1281930/AMDv1
MESA_DISK_CACHE_SINGLE_FILE=1
PROGRAMFILES=C:/Program Files
PROGRAMFILES(X86)=C:/Program Files (x86)
FNA_WORKAROUND_WINDOW_RESIZABLE=1
ALLUSERSPROFILE=C:/ProgramData
USERDOMAIN=DESKTOP-LVI1P0O
__GL_SHADER_DISK_CACHE_APP_NAME=steamapp_shader_cache
ENABLECONFIGURATORSUPPORT=0
__GL_SHADER_DISK_CACHE_READ_ONLY_APP_NAME=steam_shader_cache;steamapp_merged_shader_cache
STEAMCLIENTLAUNCH=1
DOTNET_ROLL_FORWARD=Disable
INSTALLDIR=C:/Program Files (x86)/Steam/steamapps/common/Steamworks Shared
ENABLE_VK_LAYER_VALVE_STEAM_OVERLAY_1=1
SYSTEMROOT=C:\Windows
PATHEXT=.COM;.EXE;.BAT;.CMD;.VBS;.VBE;.JS;.JSE;.WSF;.WSH;.MSC
COMMON_MYDOCS=C:/Users/Public/Documents
LOCALAPPDATA=C:/Users/George/AppData/Local
STEAM_COMPAT_MEDIA_PATH=C:/Program Files (x86)/Steam/steamapps/shadercache/1281930/fozmediav1
VALVEPLATFORMMUTEX=c:/program files (x86)/steam/steam.exe
COMMONPROGRAMFILES=C:/Program Files/Common Files
HOME=C:/Users/George
SDL_GAMECONTROLLERCONFIG=03000000de280000ff11000001000000,Steam Virtual Gamepad,a:b0,b:b1,back:b6,dpdown:h0.4,dpleft:h0.8,dpright:h0.2,dpup:h0.1,leftshoulder:b4,leftstick:b8,lefttrigger:+a2,leftx:a0,lefty:a1,rightshoulder:b5,rightstick:b9,righttrigger:-a2,rightx:a3,righty:a4,start:b7,x:b2,y:b3,platform:Windows,
03000000de280000ff11000000000000,Steam Virtual Gamepad,a:b0,b:b1,back:b6,dpdown:h0.4,dpleft:h0.8,dpright:h0.2,dpup:h0.1,leftshoulder:b4,leftstick:b8,lefttrigger:+a2,leftx:a0,lefty:a1,rightshoulder:b5,rightstick:b9,righttrigger:-a2,rightx:a3,righty:a4,start:b7,x:b2,y:b3,platform:Windows,
03000000de280000ff11000000007701,Steam Virtual Gamepad,a:b0,b:b1,x:b2,y:b3,back:b6,start:b7,leftstick:b8,rightstick:b9,leftshoulder:b4,rightshoulder:b5,dpup:b10,dpdown:b12,dpleft:b13,dpright:b11,leftx:a1,lefty:a0~,rightx:a3,righty:a2~,lefttrigger:a4,righttrigger:a5,
ENABLE_VK_LAYER_VALVE_STEAM_FOSSILIZE_1=1
STEAMAPPUSER=0gerodeku0
PROMPT=$P$G
MESA_SHADER_CACHE_MAX_SIZE=5G
__GL_SHADER_DISK_CACHE_SKIP_CLEANUP=1
