FPS_BROWSER_USER_PROFILE_STRING=Default
ALLUSERSPROFILE=C:/ProgramData
DRIVERDATA=C:/Windows/System32/Drivers/DriverData
HOMEDRIVE=C:
USERPROFILE=C:/Users/George
COMPUTERNAME=DESKTOP-LVI1P0O
BREAKPAD_DUMP_LOCATION=C:/Program Files (x86)/Steam/dumps
DOTNET_ROLL_FORWARD=Disable
PROGRAMFILES(X86)=C:/Program Files (x86)
__GL_SHADER_DISK_CACHE_SKIP_CLEANUP=1
PROGRAMFILES_X86_=C:/Program Files (x86)
STEAMID=76561199164457342
STEAM_COMPAT_MEDIA_PATH=C:/Program Files (x86)/Steam/steamapps/shadercache/1281930/fozmediav1
dotnet_version=8.0.0
ROOTDRIVE=C
FNA_WORKAROUND_WINDOW_RESIZABLE=1
SYSTEMROOT=C:\Windows
PROGRAMFILES=C:/Program Files
PROCESSOR_REVISION=3a09
APPDATA=C:/Users/George/AppData/Roaming
__GL_SHADER_DISK_CACHE_READ_ONLY_APP_NAME=steam_shader_cache;steamapp_merged_shader_cache
ONEDRIVE=C:/Users/George/OneDrive
STEAM_FOSSILIZE_DUMP_PATH=C:/Program Files (x86)/Steam/steamapps/shadercache/1281930/fozpipelinesv6/steamapprun_pipeline_cache
SHLVL=1
LOCAL_APPDATA=C:/Users/George/AppData/Local
__GL_SHADER_DISK_CACHE_PATH=C:/Program Files (x86)/Steam/steamapps/shadercache/1281930/nvidiav1
STEAMVIDEOTOKEN=8088
32f5h290g53047gv5034nbvt923b

VBOX_MSI_INSTALL_PATH=C:/Program Files/Oracle/VirtualBox/
USERDOMAIN=DESKTOP-LVI1P0O
MESA_SHADER_CACHE_MAX_SIZE=5G
LOGNAME=George
PATHEXT=.COM;.EXE;.BAT;.CMD;.VBS;.VBE;.JS;.JSE;.WSF;.WSH;.MSC
TMP=C:/Users/George/AppData/Local/Temp
USER_MYDOCS=C:/Users/George/Documents
STEAMAPPUSER=0gerodeku0
COMMON_MYDOCS=C:/Users/Public/Documents
STEAMCLIENTLAUNCH=1
COMMONPROGRAMFILES=C:/Program Files/Common Files
COMMONPROGRAMW6432=C:/Program Files/Common Files
PROGRAMDATA=C:/ProgramData
LOCALAPPDATA=C:/Users/George/AppData/Local
WINDOWS_MAJOR=10
OS=Windows_NT
ENABLE_VK_LAYER_VALVE_STEAM_FOSSILIZE_1=1
AMD_VK_PIPELINE_CACHE_PATH=C:/Program Files (x86)/Steam/steamapps/shadercache/1281930/AMDv1
PROCESSOR_IDENTIFIER=Intel64 Family 6 Model 58 Stepping 9, GenuineIntel
HOME=C:/Users/George
PWD=C:/Program Files (x86)/Steam/steamapps/common/tModLoader
PROMPT=$P$G
USER=George
MESA_GLSL_CACHE_DIR=C:/Program Files (x86)/Steam/steamapps/shadercache/1281930
NUMBER_OF_PROCESSORS=4
WINDOWS_MINOR=0
PATH=C:/Program Files (x86)/Steam/steamapps/common/tModLoader/Libraries/Native/Windows;C:/Program Files (x86)/Steam;C:/Program Files/Eclipse Adoptium/jdk-21.0.3.9-hotspot/bin;C:/Windows/system32;C:/Windows;C:/Windows/System32/Wbem;C:/Windows/System32/WindowsPowerShell/v1.0/;C:/Windows/System32/OpenSSH/;C:/Program Files/dotnet/;C:/Users/George/AppData/Local/Programs/Python/Launcher/;C:/Users/George/AppData/Local/Microsoft/WindowsApps;C:/Users/George/AppData/Local/Programs/Microsoft VS Code/bin
OLDPWD=C:/Program Files (x86)/Steam/steamapps/common/tModLoader/LaunchUtils
STEAMAPPID=1281930
SESSIONNAME=Console
STEAMOVERLAYGAMEID=1281930
STEAMVIRTUALGAMEPADINFO=C:/Program Files (x86)/Steam/config/virtualgamepadinfo.txt
PROCESSOR_LEVEL=6
STEAMPATH=C:/Program Files (x86)/Steam
SDL_GAMECONTROLLER_ALLOW_STEAM_VIRTUAL_GAMEPAD=1
PUBLIC=C:/Users/Public
STEAM_FOSSILIZE_DUMP_PATH_READ_ONLY=$bucketdir/steam_pipeline_cache.foz;$bucketdir/steamapp_pipeline_cache.foz
AMD_VK_USE_PIPELINE_CACHE=1
SDL_GAMECONTROLLERCONFIG=03000000de280000ff11000001000000,Steam Virtual Gamepad,a:b0,b:b1,back:b6,dpdown:h0.4,dpleft:h0.8,dpright:h0.2,dpup:h0.1,leftshoulder:b4,leftstick:b8,lefttrigger:+a2,leftx:a0,lefty:a1,rightshoulder:b5,rightstick:b9,righttrigger:-a2,rightx:a3,righty:a4,start:b7,x:b2,y:b3,platform:Windows,
03000000de280000ff11000000000000,Steam Virtual Gamepad,a:b0,b:b1,back:b6,dpdown:h0.4,dpleft:h0.8,dpright:h0.2,dpup:h0.1,leftshoulder:b4,leftstick:b8,lefttrigger:+a2,leftx:a0,lefty:a1,rightshoulder:b5,rightstick:b9,righttrigger:-a2,rightx:a3,righty:a4,start:b7,x:b2,y:b3,platform:Windows,
03000000de280000ff11000000007701,Steam Virtual Gamepad,a:b0,b:b1,x:b2,y:b3,back:b6,start:b7,leftstick:b8,rightstick:b9,leftshoulder:b4,rightshoulder:b5,dpup:b10,dpdown:b12,dpleft:b13,dpright:b11,leftx:a1,lefty:a0~,rightx:a3,righty:a2~,lefttrigger:a4,righttrigger:a5,
AMD_VK_PIPELINE_CACHE_FILENAME=steamapp_shader_cache
MESA_DISK_CACHE_READ_ONLY_FOZ_DBS=steam_cache,steam_precompiled
WINDIR=C:\Windows
FOSSILIZE_APPLICATION_INFO_FILTER_PATH=C:/Program Files (x86)/fossilize_engine_filters.json
ENABLE_VK_LAYER_VALVE_STEAM_OVERLAY_1=1
SDL_JOYSTICK_HIDAPI_STEAMXBOX=0
USERNAME=George
HOMEPATH=/Users/George
MESA_DISK_CACHE_SINGLE_FILE=1
ENABLECONFIGURATORSUPPORT=0
COMMONPROGRAMFILES_X86_=C:/Program Files (x86)/Common Files
dotnet_dir=C:/Program Files (x86)/Steam/steamapps/common/tModLoader/dotnet
TEMP=C:/Users/George/AppData/Local/Temp
FPS_BROWSER_APP_PROFILE_STRING=Internet Explorer
VALVEPLATFORMMUTEX=c:/program files (x86)/steam/steam.exe
LOGONSERVER=//DESKTOP-LVI1P0O
MESA_SHADER_CACHE_DIR=C:/Program Files (x86)/Steam/steamapps/shadercache/1281930
STEAMUSER=0gerodeku0
PSMODULEPATH=C:/Program Files/WindowsPowerShell/Modules;C:/Windows/system32/WindowsPowerShell/v1.0/Modules
STEAM_COMPAT_TRANSCODED_MEDIA_PATH=C:/Program Files (x86)/Steam/steamapps/shadercache/1281930
__GL_SHADER_DISK_CACHE_APP_NAME=steamapp_shader_cache
PROGRAMW6432=C:/Program Files
BB_GLOBBING=0
PROCESSOR_ARCHITECTURE=AMD64
USERDOMAIN_ROAMINGPROFILE=DESKTOP-LVI1P0O
SYSTEMDRIVE=C:
STEAMENV=1
MESA_GLSL_CACHE_MAX_SIZE=5G
COMMONPROGRAMFILES(X86)=C:/Program Files (x86)/Common Files
SHELL=/bin/sh
COMSPEC=C:\Windows\system32\cmd.exe
DXVK_STATE_CACHE_PATH=C:/Program Files (x86)/Steam/steamapps/shadercache/1281930/DXVK_state_cache
STEAMGAMEID=1281930
INSTALLDIR=C:/Program Files (x86)/Steam/steamapps/common/Steamworks Shared
